#
# A fatal error has been detected by the Java Runtime Environment:
#
#  Internal Error (javaClasses.cpp:136), pid=12136, tid=15996
#  fatal error: Invalid layout of preloaded class
#
# JRE version:  (7.0_75-b13) (build )
# Java VM: Java HotSpot(TM) 64-Bit Server VM (24.75-b04 mixed mode windows-amd64 compressed oops)
# Failed to write core dump. Minidumps are not enabled by default on client versions of Windows
#
# If you would like to submit a bug report, please visit:
#   http://bugreport.sun.com/bugreport/crash.jsp
#

---------------  T H R E A D  ---------------

Current thread (0x00000000022dd800):  JavaThread "Unknown thread" [_thread_in_vm, id=15996, stack(0x00000000020a0000,0x00000000021a0000)]

Stack: [0x00000000020a0000,0x00000000021a0000]

---------------  P R O C E S S  ---------------

Java Threads: ( => current thread )

Other Threads:

=>0x00000000022dd800 (exited) JavaThread "Unknown thread" [_thread_in_vm, id=15996, stack(0x00000000020a0000,0x00000000021a0000)]

VM state:not at safepoint (not fully initialized)

VM Mutex/Monitor currently owned by a thread: None

GC Heap History (0 events):
No events

Deoptimization events (0 events):
No events

Internal exceptions (0 events):
No events

Events (10 events):
Event: 0.137 loading class 0x00000000021f5a00 done
Event: 0.138 loading class 0x00000000021f5400 done
Event: 0.138 loading class 0x00000000021f53e0
Event: 0.138 loading class 0x00000000021fd590
Event: 0.138 loading class 0x00000000021fd590 done
Event: 0.138 loading class 0x00000000021fd5c0
Event: 0.138 loading class 0x00000000021fd5c0 done
Event: 0.138 loading class 0x00000000021fd5f0
Event: 0.138 loading class 0x00000000021fd5f0 done
Event: 0.138 loading class 0x00000000021f53e0 done


Dynamic libraries:
0x00007ff72fa20000 - 0x00007ff72fa53000 	C:\Program Files\Java\jre7\bin\javaw.exe
0x00007ffbd73e0000 - 0x00007ffbd758c000 	C:\Windows\SYSTEM32\ntdll.dll
0x00007ffbd6f70000 - 0x00007ffbd70ae000 	C:\Windows\system32\KERNEL32.DLL
0x00007ffbd4940000 - 0x00007ffbd4a55000 	C:\Windows\system32\KERNELBASE.dll
0x00007ffbd2d50000 - 0x00007ffbd2dde000 	C:\Windows\system32\apphelp.dll
0x00007ffbc6dd0000 - 0x00007ffbc6e23000 	C:\Windows\AppPatch\AppPatch64\AcGenral.DLL
0x00007ffbd6910000 - 0x00007ffbd69ba000 	C:\Windows\system32\msvcrt.dll
0x00007ffbd4300000 - 0x00007ffbd432e000 	C:\Windows\SYSTEM32\SspiCli.dll
0x00007ffbd5080000 - 0x00007ffbd50d4000 	C:\Windows\system32\SHLWAPI.dll
0x00007ffbd6b90000 - 0x00007ffbd6d07000 	C:\Windows\system32\USER32.dll
0x00007ffbd5240000 - 0x00007ffbd53d4000 	C:\Windows\system32\ole32.dll
0x00007ffbd53e0000 - 0x00007ffbd68f8000 	C:\Windows\system32\SHELL32.dll
0x00007ffbd3ad0000 - 0x00007ffbd3af1000 	C:\Windows\SYSTEM32\USERENV.dll
0x00007ffbd6ae0000 - 0x00007ffbd6b8a000 	C:\Windows\system32\ADVAPI32.dll
0x00007ffbc6da0000 - 0x00007ffbc6dbe000 	C:\Windows\SYSTEM32\MPR.dll
0x00007ffbd4e60000 - 0x00007ffbd4fa1000 	C:\Windows\system32\RPCRT4.dll
0x00007ffbd4e00000 - 0x00007ffbd4e59000 	C:\Windows\SYSTEM32\sechost.dll
0x00007ffbd7140000 - 0x00007ffbd7351000 	C:\Windows\SYSTEM32\combase.dll
0x00007ffbd6e10000 - 0x00007ffbd6f61000 	C:\Windows\system32\GDI32.dll
0x00007ffbd4530000 - 0x00007ffbd4545000 	C:\Windows\SYSTEM32\profapi.dll
0x00007ffbd20d0000 - 0x00007ffbd2182000 	C:\Windows\SYSTEM32\SHCORE.dll
0x00007ffbd6dd0000 - 0x00007ffbd6e06000 	C:\Windows\system32\IMM32.DLL
0x00007ffbd50e0000 - 0x00007ffbd5232000 	C:\Windows\system32\MSCTF.dll
0x00007ffbcff60000 - 0x00007ffbd01db000 	C:\Windows\WinSxS\amd64_microsoft.windows.common-controls_6595b64144ccf1df_6.0.9600.17784_none_624760d1ecb7236e\COMCTL32.dll
0x000000006b160000 - 0x000000006b232000 	C:\Program Files\Java\jre7\bin\msvcr100.dll
0x000000006a980000 - 0x000000006b154000 	C:\Program Files\Java\jre7\bin\server\jvm.dll
0x00007ffbc71a0000 - 0x00007ffbc71a9000 	C:\Windows\SYSTEM32\WSOCK32.dll
0x00007ffbcb940000 - 0x00007ffbcb962000 	C:\Windows\SYSTEM32\WINMM.dll
0x00007ffbd7360000 - 0x00007ffbd7367000 	C:\Windows\system32\PSAPI.DLL
0x00007ffbd6a80000 - 0x00007ffbd6ada000 	C:\Windows\system32\WS2_32.dll
0x00007ffbcb900000 - 0x00007ffbcb92a000 	C:\Windows\SYSTEM32\WINMMBASE.dll
0x00007ffbd4df0000 - 0x00007ffbd4df9000 	C:\Windows\system32\NSI.dll
0x00007ffbd4600000 - 0x00007ffbd464f000 	C:\Windows\SYSTEM32\cfgmgr32.dll
0x00007ffbd3330000 - 0x00007ffbd3358000 	C:\Windows\SYSTEM32\DEVOBJ.dll
0x000000006b760000 - 0x000000006b76f000 	C:\Program Files\Java\jre7\bin\verify.dll
0x000000006a950000 - 0x000000006a978000 	C:\Program Files\Java\jre7\bin\java.dll
0x000000006a860000 - 0x000000006a895000 	C:\Program Files\Java\jre7\bin\jdwp.dll
0x000000006a850000 - 0x000000006a858000 	C:\Program Files\Java\jre7\bin\npt.dll
0x000000006b740000 - 0x000000006b755000 	C:\Program Files\Java\jre7\bin\zip.dll

VM Arguments:
jvm_args: -agentlib:jdwp=transport=dt_socket,suspend=y,address=localhost:51578 -Dfile.encoding=Cp1252 -Xbootclasspath:C:\Program Files (x86)\Android\android-sdk\platforms\android-23\android.jar 
java_command: com.val.ebtm.TraduceFecha
Launcher Type: SUN_STANDARD

Environment Variables:
JAVA_HOME=C:\Program Files\Java\jdk1.7.0_75
PATH=C:\Program Files (x86)\iis express\PHP\v5.3;C:\oraclexe\app\oracle\product\11.2.0\server\bin;C:\Program Files (x86)\Intel\TXE Components\TCS\;C:\Program Files\Maven\bin;C:\Program Files\Maven\binC:\Program Files\Intel\TXE Components\TCS\;C:\Windows\system32;C:\Windows;C:\Windows\System32\Wbem;C:\Windows\System32\WindowsPowerShell\v1.0\;C:\Program Files\Acer\Remote Files\;C:\Program Files\Microsoft\Web Platform Installer\;C:\Program Files (x86)\Windows Kits\8.1\Windows Performance Toolkit\;C:\Program Files\Microsoft SQL Server\110\Tools\Binn\;C:\Program Files\Git\cmd;C:\Program Files (x86)\Skype\Phone\;C:\Program Files\MySQL\MySQL Server 5.5\bin;C:\Ruby21x64\bin
USERNAME=Vale
OS=Windows_NT
PROCESSOR_IDENTIFIER=Intel64 Family 6 Model 55 Stepping 8, GenuineIntel



---------------  S Y S T E M  ---------------

OS: Windows 8.1 , 64 bit Build 9600 

CPU:total 4 (4 cores per cpu, 1 threads per core) family 6 model 55 stepping 8, cmov, cx8, fxsr, mmx, sse, sse2, sse3, ssse3, sse4.1, sse4.2, popcnt, erms, tsc, tscinvbit

Memory: 4k page, physical 4073168k(1442140k free), swap 8791760k(4178828k free)

vm_info: Java HotSpot(TM) 64-Bit Server VM (24.75-b04) for windows-amd64 JRE (1.7.0_75-b13), built on Dec 18 2014 17:15:01 by "java_re" with unknown MS VC++:1600

time: Sun Jan 31 18:09:29 2016
elapsed time: 0 seconds

